# JRE version: Java(TM) SE Runtime Environment (8.0-b132) (build 1.8.0-b132)
# Java VM: Java HotSpot(TM) 64-Bit Server VM (25.0-b70 mixed mode windows-amd64 compressed oops)
Heap:
 PSYoungGen      total 77824K, used 39343K [0x00000000eab00000, 0x00000000efb80000, 0x0000000100000000)
  eden space 74240K, 52% used [0x00000000eab00000,0x00000000ed0f40b0,0x00000000ef380000)
  from space 3584K, 13% used [0x00000000ef800000,0x00000000ef877d10,0x00000000efb80000)
  to   space 4096K, 0% used [0x00000000ef380000,0x00000000ef380000,0x00000000ef780000)
 ParOldGen       total 15360K, used 14957K [0x00000000c0000000, 0x00000000c0f00000, 0x00000000eab00000)
  object space 15360K, 97% used [0x00000000c0000000,0x00000000c0e9b4a8,0x00000000c0f00000)
 Metaspace       used 27931K, capacity 28612K, committed 28672K, reserved 1077248K
  class space    used 3788K, capacity 4040K, committed 4096K, reserved 1048576K
GC Heap History (10 events):
Event: 6.287 GC heap before
{Heap before GC invocations=22 (full 1):
 PSYoungGen      total 59904K, used 56640K [0x00000000eab00000, 0x00000000eea00000, 0x0000000100000000)
  eden space 56320K, 100% used [0x00000000eab00000,0x00000000ee200000,0x00000000ee200000)
  from space 3584K, 8% used [0x00000000ee680000,0x00000000ee6d0000,0x00000000eea00000)
  to   space 4096K, 0% used [0x00000000ee200000,0x00000000ee200000,0x00000000ee600000)
 ParOldGen       total 13824K, used 10570K [0x00000000c0000000, 0x00000000c0d80000, 0x00000000eab00000)
  object space 13824K, 76% used [0x00000000c0000000,0x00000000c0a52890,0x00000000c0d80000)
 Metaspace       used 21235K, capacity 21690K, committed 22016K, reserved 1069056K
  class space    used 2854K, capacity 3012K, committed 3072K, reserved 1048576K
Event: 6.289 GC heap after
Heap after GC invocations=22 (full 1):
 PSYoungGen      total 60416K, used 416K [0x00000000eab00000, 0x00000000efc00000, 0x0000000100000000)
  eden space 56320K, 0% used [0x00000000eab00000,0x00000000eab00000,0x00000000ee200000)
  from space 4096K, 10% used [0x00000000ee200000,0x00000000ee268000,0x00000000ee600000)
  to   space 4096K, 0% used [0x00000000ef800000,0x00000000ef800000,0x00000000efc00000)
 ParOldGen       total 13824K, used 10806K [0x00000000c0000000, 0x00000000c0d80000, 0x00000000eab00000)
  object space 13824K, 78% used [0x00000000c0000000,0x00000000c0a8d8b0,0x00000000c0d80000)
 Metaspace       used 21235K, capacity 21690K, committed 22016K, reserved 1069056K
  class space    used 2854K, capacity 3012K, committed 3072K, reserved 1048576K
}
Event: 6.627 GC heap before
{Heap before GC invocations=23 (full 1):
 PSYoungGen      total 60416K, used 56736K [0x00000000eab00000, 0x00000000efc00000, 0x0000000100000000)
  eden space 56320K, 100% used [0x00000000eab00000,0x00000000ee200000,0x00000000ee200000)
  from space 4096K, 10% used [0x00000000ee200000,0x00000000ee268000,0x00000000ee600000)
  to   space 4096K, 0% used [0x00000000ef800000,0x00000000ef800000,0x00000000efc00000)
 ParOldGen       total 13824K, used 10806K [0x00000000c0000000, 0x00000000c0d80000, 0x00000000eab00000)
  object space 13824K, 78% used [0x00000000c0000000,0x00000000c0a8d8b0,0x00000000c0d80000)
 Metaspace       used 21251K, capacity 21754K, committed 22016K, reserved 1069056K
  class space    used 2855K, capacity 3012K, committed 3072K, reserved 1048576K
Event: 6.643 GC heap after
Heap after GC invocations=23 (full 1):
 PSYoungGen      total 77824K, used 256K [0x00000000eab00000, 0x00000000efb80000, 0x0000000100000000)
  eden space 74240K, 0% used [0x00000000eab00000,0x00000000eab00000,0x00000000ef380000)
  from space 3584K, 7% used [0x00000000ef800000,0x00000000ef840000,0x00000000efb80000)
  to   space 4096K, 0% used [0x00000000ef380000,0x00000000ef380000,0x00000000ef780000)
 ParOldGen       total 13824K, used 11158K [0x00000000c0000000, 0x00000000c0d80000, 0x00000000eab00000)
  object space 13824K, 80% used [0x00000000c0000000,0x00000000c0ae58b0,0x00000000c0d80000)
 Metaspace       used 21251K, capacity 21754K, committed 22016K, reserved 1069056K
  class space    used 2855K, capacity 3012K, committed 3072K, reserved 1048576K
}
Event: 7.124 GC heap before
{Heap before GC invocations=24 (full 1):
 PSYoungGen      total 77824K, used 74496K [0x00000000eab00000, 0x00000000efb80000, 0x0000000100000000)
  eden space 74240K, 100% used [0x00000000eab00000,0x00000000ef380000,0x00000000ef380000)
  from space 3584K, 7% used [0x00000000ef800000,0x00000000ef840000,0x00000000efb80000)
  to   space 4096K, 0% used [0x00000000ef380000,0x00000000ef380000,0x00000000ef780000)
 ParOldGen       total 13824K, used 11158K [0x00000000c0000000, 0x00000000c0d80000, 0x00000000eab00000)
  object space 13824K, 80% used [0x00000000c0000000,0x00000000c0ae58b0,0x00000000c0d80000)
 Metaspace       used 21251K, capacity 21754K, committed 22016K, reserved 1069056K
  class space    used 2855K, capacity 3012K, committed 3072K, reserved 1048576K
Event: 7.157 GC heap after
Heap after GC invocations=24 (full 1):
 PSYoungGen      total 78336K, used 576K [0x00000000eab00000, 0x00000000efb80000, 0x0000000100000000)
  eden space 74240K, 0% used [0x00000000eab00000,0x00000000eab00000,0x00000000ef380000)
  from space 4096K, 14% used [0x00000000ef380000,0x00000000ef410020,0x00000000ef780000)
  to   space 3584K, 0% used [0x00000000ef800000,0x00000000ef800000,0x00000000efb80000)
 ParOldGen       total 13824K, used 11342K [0x00000000c0000000, 0x00000000c0d80000, 0x00000000eab00000)
  object space 13824K, 82% used [0x00000000c0000000,0x00000000c0b138b0,0x00000000c0d80000)
 Metaspace       used 21251K, capacity 21754K, committed 22016K, reserved 1069056K
  class space    used 2855K, capacity 3012K, committed 3072K, reserved 1048576K
}
Event: 8.264 GC heap before
{Heap before GC invocations=25 (full 1):
 PSYoungGen      total 78336K, used 74816K [0x00000000eab00000, 0x00000000efb80000, 0x0000000100000000)
  eden space 74240K, 100% used [0x00000000eab00000,0x00000000ef380000,0x00000000ef380000)
  from space 4096K, 14% used [0x00000000ef380000,0x00000000ef410020,0x00000000ef780000)
  to   space 3584K, 0% used [0x00000000ef800000,0x00000000ef800000,0x00000000efb80000)
 ParOldGen       total 13824K, used 11342K [0x00000000c0000000, 0x00000000c0d80000, 0x00000000eab00000)
  object space 13824K, 82% used [0x00000000c0000000,0x00000000c0b138b0,0x00000000c0d80000)
 Metaspace       used 24107K, capacity 24770K, committed 25088K, reserved 1071104K
  class space    used 3247K, capacity 3487K, committed 3584K, reserved 1048576K
Event: 8.284 GC heap after
Heap after GC invocations=25 (full 1):
 PSYoungGen      total 77824K, used 3552K [0x00000000eab00000, 0x00000000efb80000, 0x0000000100000000)
  eden space 74240K, 0% used [0x00000000eab00000,0x00000000eab00000,0x00000000ef380000)
  from space 3584K, 99% used [0x00000000ef800000,0x00000000efb78010,0x00000000efb80000)
  to   space 4096K, 0% used [0x00000000ef380000,0x00000000ef380000,0x00000000ef780000)
 ParOldGen       total 15360K, used 15289K [0x00000000c0000000, 0x00000000c0f00000, 0x00000000eab00000)
  object space 15360K, 99% used [0x00000000c0000000,0x00000000c0eee7f8,0x00000000c0f00000)
 Metaspace       used 24107K, capacity 24770K, committed 25088K, reserved 1071104K
  class space    used 3247K, capacity 3487K, committed 3584K, reserved 1048576K
}
Event: 8.284 GC heap before
{Heap before GC invocations=26 (full 2):
 PSYoungGen      total 77824K, used 3552K [0x00000000eab00000, 0x00000000efb80000, 0x0000000100000000)
  eden space 74240K, 0% used [0x00000000eab00000,0x00000000eab00000,0x00000000ef380000)
  from space 3584K, 99% used [0x00000000ef800000,0x00000000efb78010,0x00000000efb80000)
  to   space 4096K, 0% used [0x00000000ef380000,0x00000000ef380000,0x00000000ef780000)
 ParOldGen       total 15360K, used 15289K [0x00000000c0000000, 0x00000000c0f00000, 0x00000000eab00000)
  object space 15360K, 99% used [0x00000000c0000000,0x00000000c0eee7f8,0x00000000c0f00000)
 Metaspace       used 24107K, capacity 24770K, committed 25088K, reserved 1071104K
  class space    used 3247K, capacity 3487K, committed 3584K, reserved 1048576K
Event: 8.381 GC heap after
Heap after GC invocations=26 (full 2):
 PSYoungGen      total 77824K, used 479K [0x00000000eab00000, 0x00000000efb80000, 0x0000000100000000)
  eden space 74240K, 0% used [0x00000000eab00000,0x00000000eab00000,0x00000000ef380000)
  from space 3584K, 13% used [0x00000000ef800000,0x00000000ef877d10,0x00000000efb80000)
  to   space 4096K, 0% used [0x00000000ef380000,0x00000000ef380000,0x00000000ef780000)
 ParOldGen       total 15360K, used 14957K [0x00000000c0000000, 0x00000000c0f00000, 0x00000000eab00000)
  object space 15360K, 97% used [0x00000000c0000000,0x00000000c0e9b4a8,0x00000000c0f00000)
 Metaspace       used 24073K, capacity 24656K, committed 25088K, reserved 1071104K
  class space    used 3241K, capacity 3453K, committed 3584K, reserved 1048576K
}

