# JRE version: Java(TM) SE Runtime Environment (8.0-b132) (build 1.8.0-b132)
# Java VM: Java HotSpot(TM) 64-Bit Server VM (25.0-b70 mixed mode windows-amd64 compressed oops)
Heap:
 PSYoungGen      total 113152K, used 88759K [0x00000000eab00000, 0x00000000f2780000, 0x0000000100000000)
  eden space 102912K, 84% used [0x00000000eab00000,0x00000000eff6fda8,0x00000000f0f80000)
  from space 10240K, 22% used [0x00000000f1d80000,0x00000000f1fbe120,0x00000000f2780000)
  to   space 12288K, 0% used [0x00000000f0f80000,0x00000000f0f80000,0x00000000f1b80000)
 ParOldGen       total 53248K, used 43732K [0x00000000c0000000, 0x00000000c3400000, 0x00000000eab00000)
  object space 53248K, 82% used [0x00000000c0000000,0x00000000c2ab5288,0x00000000c3400000)
 Metaspace       used 42082K, capacity 44370K, committed 44416K, reserved 1087488K
  class space    used 6031K, capacity 6750K, committed 6784K, reserved 1048576K
GC Heap History (10 events):
Event: 26.523 GC heap before
{Heap before GC invocations=28 (full 5):
 PSYoungGen      total 89600K, used 7032K [0x00000000eab00000, 0x00000000f1e80000, 0x0000000100000000)
  eden space 76288K, 0% used [0x00000000eab00000,0x00000000eab00000,0x00000000ef580000)
  from space 13312K, 52% used [0x00000000ef580000,0x00000000efc5e3f0,0x00000000f0280000)
  to   space 13312K, 0% used [0x00000000f1180000,0x00000000f1180000,0x00000000f1e80000)
 ParOldGen       total 37888K, used 37064K [0x00000000c0000000, 0x00000000c2500000, 0x00000000eab00000)
  object space 37888K, 97% used [0x00000000c0000000,0x00000000c2432180,0x00000000c2500000)
 Metaspace       used 39466K, capacity 41480K, committed 41728K, reserved 1085440K
  class space    used 5677K, capacity 6289K, committed 6400K, reserved 1048576K
Event: 27.183 GC heap after
Heap after GC invocations=28 (full 5):
 PSYoungGen      total 89600K, used 5377K [0x00000000eab00000, 0x00000000f1e80000, 0x0000000100000000)
  eden space 76288K, 0% used [0x00000000eab00000,0x00000000eab00000,0x00000000ef580000)
  from space 13312K, 40% used [0x00000000ef580000,0x00000000efac0718,0x00000000f0280000)
  to   space 13312K, 0% used [0x00000000f1180000,0x00000000f1180000,0x00000000f1e80000)
 ParOldGen       total 53248K, used 37865K [0x00000000c0000000, 0x00000000c3400000, 0x00000000eab00000)
  object space 53248K, 71% used [0x00000000c0000000,0x00000000c24fa6e0,0x00000000c3400000)
 Metaspace       used 39466K, capacity 41480K, committed 41728K, reserved 1085440K
  class space    used 5677K, capacity 6289K, committed 6400K, reserved 1048576K
}
Event: 28.780 GC heap before
{Heap before GC invocations=29 (full 5):
 PSYoungGen      total 89600K, used 69357K [0x00000000eab00000, 0x00000000f1e80000, 0x0000000100000000)
  eden space 76288K, 83% used [0x00000000eab00000,0x00000000ee97ae78,0x00000000ef580000)
  from space 13312K, 40% used [0x00000000ef580000,0x00000000efac0718,0x00000000f0280000)
  to   space 13312K, 0% used [0x00000000f1180000,0x00000000f1180000,0x00000000f1e80000)
 ParOldGen       total 53248K, used 37865K [0x00000000c0000000, 0x00000000c3400000, 0x00000000eab00000)
  object space 53248K, 71% used [0x00000000c0000000,0x00000000c24fa6e0,0x00000000c3400000)
 Metaspace       used 40009K, capacity 42098K, committed 42368K, reserved 1085440K
  class space    used 5778K, capacity 6443K, committed 6528K, reserved 1048576K
Event: 28.861 GC heap after
Heap after GC invocations=29 (full 5):
 PSYoungGen      total 101888K, used 2970K [0x00000000eab00000, 0x00000000f1c80000, 0x0000000100000000)
  eden space 90624K, 0% used [0x00000000eab00000,0x00000000eab00000,0x00000000f0380000)
  from space 11264K, 26% used [0x00000000f1180000,0x00000000f14668e0,0x00000000f1c80000)
  to   space 12800K, 0% used [0x00000000f0380000,0x00000000f0380000,0x00000000f1000000)
 ParOldGen       total 53248K, used 42249K [0x00000000c0000000, 0x00000000c3400000, 0x00000000eab00000)
  object space 53248K, 79% used [0x00000000c0000000,0x00000000c2942700,0x00000000c3400000)
 Metaspace       used 40009K, capacity 42098K, committed 42368K, reserved 1085440K
  class space    used 5778K, capacity 6443K, committed 6528K, reserved 1048576K
}
Event: 28.861 GC heap before
{Heap before GC invocations=30 (full 6):
 PSYoungGen      total 101888K, used 2970K [0x00000000eab00000, 0x00000000f1c80000, 0x0000000100000000)
  eden space 90624K, 0% used [0x00000000eab00000,0x00000000eab00000,0x00000000f0380000)
  from space 11264K, 26% used [0x00000000f1180000,0x00000000f14668e0,0x00000000f1c80000)
  to   space 12800K, 0% used [0x00000000f0380000,0x00000000f0380000,0x00000000f1000000)
 ParOldGen       total 53248K, used 42249K [0x00000000c0000000, 0x00000000c3400000, 0x00000000eab00000)
  object space 53248K, 79% used [0x00000000c0000000,0x00000000c2942700,0x00000000c3400000)
 Metaspace       used 40009K, capacity 42098K, committed 42368K, reserved 1085440K
  class space    used 5778K, capacity 6443K, committed 6528K, reserved 1048576K
Event: 29.551 GC heap after
Heap after GC invocations=30 (full 6):
 PSYoungGen      total 101888K, used 0K [0x00000000eab00000, 0x00000000f1c80000, 0x0000000100000000)
  eden space 90624K, 0% used [0x00000000eab00000,0x00000000eab00000,0x00000000f0380000)
  from space 11264K, 0% used [0x00000000f1180000,0x00000000f1180000,0x00000000f1c80000)
  to   space 12800K, 0% used [0x00000000f0380000,0x00000000f0380000,0x00000000f1000000)
 ParOldGen       total 53248K, used 43716K [0x00000000c0000000, 0x00000000c3400000, 0x00000000eab00000)
  object space 53248K, 82% used [0x00000000c0000000,0x00000000c2ab1288,0x00000000c3400000)
 Metaspace       used 40009K, capacity 42098K, committed 42368K, reserved 1085440K
  class space    used 5778K, capacity 6443K, committed 6528K, reserved 1048576K
}
Event: 182.008 GC heap before
{Heap before GC invocations=31 (full 6):
 PSYoungGen      total 101888K, used 90624K [0x00000000eab00000, 0x00000000f1c80000, 0x0000000100000000)
  eden space 90624K, 100% used [0x00000000eab00000,0x00000000f0380000,0x00000000f0380000)
  from space 11264K, 0% used [0x00000000f1180000,0x00000000f1180000,0x00000000f1c80000)
  to   space 12800K, 0% used [0x00000000f0380000,0x00000000f0380000,0x00000000f1000000)
 ParOldGen       total 53248K, used 43716K [0x00000000c0000000, 0x00000000c3400000, 0x00000000eab00000)
  object space 53248K, 82% used [0x00000000c0000000,0x00000000c2ab1288,0x00000000c3400000)
 Metaspace       used 42060K, capacity 44370K, committed 44416K, reserved 1087488K
  class space    used 6029K, capacity 6750K, committed 6784K, reserved 1048576K
Event: 182.079 GC heap after
Heap after GC invocations=31 (full 6):
 PSYoungGen      total 103424K, used 2869K [0x00000000eab00000, 0x00000000f2980000, 0x0000000100000000)
  eden space 90624K, 0% used [0x00000000eab00000,0x00000000eab00000,0x00000000f0380000)
  from space 12800K, 22% used [0x00000000f0380000,0x00000000f064d5b8,0x00000000f1000000)
  to   space 12288K, 0% used [0x00000000f1d80000,0x00000000f1d80000,0x00000000f2980000)
 ParOldGen       total 53248K, used 43724K [0x00000000c0000000, 0x00000000c3400000, 0x00000000eab00000)
  object space 53248K, 82% used [0x00000000c0000000,0x00000000c2ab3288,0x00000000c3400000)
 Metaspace       used 42060K, capacity 44370K, committed 44416K, reserved 1087488K
  class space    used 6029K, capacity 6750K, committed 6784K, reserved 1048576K
}
Event: 183.421 GC heap before
{Heap before GC invocations=32 (full 6):
 PSYoungGen      total 103424K, used 93493K [0x00000000eab00000, 0x00000000f2980000, 0x0000000100000000)
  eden space 90624K, 100% used [0x00000000eab00000,0x00000000f0380000,0x00000000f0380000)
  from space 12800K, 22% used [0x00000000f0380000,0x00000000f064d5b8,0x00000000f1000000)
  to   space 12288K, 0% used [0x00000000f1d80000,0x00000000f1d80000,0x00000000f2980000)
 ParOldGen       total 53248K, used 43724K [0x00000000c0000000, 0x00000000c3400000, 0x00000000eab00000)
  object space 53248K, 82% used [0x00000000c0000000,0x00000000c2ab3288,0x00000000c3400000)
 Metaspace       used 42080K, capacity 44370K, committed 44416K, reserved 1087488K
  class space    used 6031K, capacity 6750K, committed 6784K, reserved 1048576K
Event: 183.604 GC heap after
Heap after GC invocations=32 (full 6):
 PSYoungGen      total 113152K, used 2296K [0x00000000eab00000, 0x00000000f2780000, 0x0000000100000000)
  eden space 102912K, 0% used [0x00000000eab00000,0x00000000eab00000,0x00000000f0f80000)
  from space 10240K, 22% used [0x00000000f1d80000,0x00000000f1fbe120,0x00000000f2780000)
  to   space 12288K, 0% used [0x00000000f0f80000,0x00000000f0f80000,0x00000000f1b80000)
 ParOldGen       total 53248K, used 43732K [0x00000000c0000000, 0x00000000c3400000, 0x00000000eab00000)
  object space 53248K, 82% used [0x00000000c0000000,0x00000000c2ab5288,0x00000000c3400000)
 Metaspace       used 42080K, capacity 44370K, committed 44416K, reserved 1087488K
  class space    used 6031K, capacity 6750K, committed 6784K, reserved 1048576K
}

