# JRE version: Java(TM) SE Runtime Environment (8.0-b132) (build 1.8.0-b132)
# Java VM: Java HotSpot(TM) 64-Bit Server VM (25.0-b70 mixed mode windows-amd64 compressed oops)
Heap:
 PSYoungGen      total 93696K, used 48098K [0x00000000eab00000, 0x00000000f0b80000, 0x0000000100000000)
  eden space 90624K, 52% used [0x00000000eab00000,0x00000000ed9b0bf0,0x00000000f0380000)
  from space 3072K, 9% used [0x00000000f0880000,0x00000000f08c8000,0x00000000f0b80000)
  to   space 4096K, 0% used [0x00000000f0380000,0x00000000f0380000,0x00000000f0780000)
 ParOldGen       total 11776K, used 9099K [0x00000000c0000000, 0x00000000c0b80000, 0x00000000eab00000)
  object space 11776K, 77% used [0x00000000c0000000,0x00000000c08e2e60,0x00000000c0b80000)
 Metaspace       used 21249K, capacity 21778K, committed 22016K, reserved 1069056K
  class space    used 2855K, capacity 3016K, committed 3072K, reserved 1048576K
GC Heap History (10 events):
Event: 4.716 GC heap before
{Heap before GC invocations=17 (full 1):
 PSYoungGen      total 53760K, used 231K [0x00000000eab00000, 0x00000000ee400000, 0x0000000100000000)
  eden space 49152K, 0% used [0x00000000eab00000,0x00000000eab00000,0x00000000edb00000)
  from space 4608K, 5% used [0x00000000edf80000,0x00000000edfb9da8,0x00000000ee400000)
  to   space 4608K, 0% used [0x00000000edb00000,0x00000000edb00000,0x00000000edf80000)
 ParOldGen       total 64000K, used 11738K [0x00000000c0000000, 0x00000000c3e80000, 0x00000000eab00000)
  object space 64000K, 18% used [0x00000000c0000000,0x00000000c0b76ab0,0x00000000c3e80000)
 Metaspace       used 20530K, capacity 21004K, committed 21248K, reserved 1067008K
  class space    used 2800K, capacity 2951K, committed 3072K, reserved 1048576K
Event: 4.794 GC heap after
Heap after GC invocations=17 (full 1):
 PSYoungGen      total 53760K, used 0K [0x00000000eab00000, 0x00000000ee400000, 0x0000000100000000)
  eden space 49152K, 0% used [0x00000000eab00000,0x00000000eab00000,0x00000000edb00000)
  from space 4608K, 0% used [0x00000000edf80000,0x00000000edf80000,0x00000000ee400000)
  to   space 4608K, 0% used [0x00000000edb00000,0x00000000edb00000,0x00000000edf80000)
 ParOldGen       total 11776K, used 7799K [0x00000000c0000000, 0x00000000c0b80000, 0x00000000eab00000)
  object space 11776K, 66% used [0x00000000c0000000,0x00000000c079de00,0x00000000c0b80000)
 Metaspace       used 20530K, capacity 21004K, committed 21248K, reserved 1067008K
  class space    used 2800K, capacity 2951K, committed 3072K, reserved 1048576K
}
Event: 5.300 GC heap before
{Heap before GC invocations=18 (full 1):
 PSYoungGen      total 53760K, used 49152K [0x00000000eab00000, 0x00000000ee400000, 0x0000000100000000)
  eden space 49152K, 100% used [0x00000000eab00000,0x00000000edb00000,0x00000000edb00000)
  from space 4608K, 0% used [0x00000000edf80000,0x00000000edf80000,0x00000000ee400000)
  to   space 4608K, 0% used [0x00000000edb00000,0x00000000edb00000,0x00000000edf80000)
 ParOldGen       total 11776K, used 7799K [0x00000000c0000000, 0x00000000c0b80000, 0x00000000eab00000)
  object space 11776K, 66% used [0x00000000c0000000,0x00000000c079de00,0x00000000c0b80000)
 Metaspace       used 21217K, capacity 21714K, committed 22016K, reserved 1069056K
  class space    used 2853K, capacity 3016K, committed 3072K, reserved 1048576K
Event: 5.317 GC heap after
Heap after GC invocations=18 (full 1):
 PSYoungGen      total 53760K, used 1017K [0x00000000eab00000, 0x00000000ef600000, 0x0000000100000000)
  eden space 49152K, 0% used [0x00000000eab00000,0x00000000eab00000,0x00000000edb00000)
  from space 4608K, 22% used [0x00000000edb00000,0x00000000edbfe6c8,0x00000000edf80000)
  to   space 4608K, 0% used [0x00000000ef180000,0x00000000ef180000,0x00000000ef600000)
 ParOldGen       total 11776K, used 7807K [0x00000000c0000000, 0x00000000c0b80000, 0x00000000eab00000)
  object space 11776K, 66% used [0x00000000c0000000,0x00000000c079fe00,0x00000000c0b80000)
 Metaspace       used 21217K, capacity 21714K, committed 22016K, reserved 1069056K
  class space    used 2853K, capacity 3016K, committed 3072K, reserved 1048576K
}
Event: 5.845 GC heap before
{Heap before GC invocations=19 (full 1):
 PSYoungGen      total 53760K, used 50169K [0x00000000eab00000, 0x00000000ef600000, 0x0000000100000000)
  eden space 49152K, 100% used [0x00000000eab00000,0x00000000edb00000,0x00000000edb00000)
  from space 4608K, 22% used [0x00000000edb00000,0x00000000edbfe6c8,0x00000000edf80000)
  to   space 4608K, 0% used [0x00000000ef180000,0x00000000ef180000,0x00000000ef600000)
 ParOldGen       total 11776K, used 7807K [0x00000000c0000000, 0x00000000c0b80000, 0x00000000eab00000)
  object space 11776K, 66% used [0x00000000c0000000,0x00000000c079fe00,0x00000000c0b80000)
 Metaspace       used 21218K, capacity 21714K, committed 22016K, reserved 1069056K
  class space    used 2853K, capacity 3016K, committed 3072K, reserved 1048576K
Event: 5.884 GC heap after
Heap after GC invocations=19 (full 1):
 PSYoungGen      total 72192K, used 256K [0x00000000eab00000, 0x00000000ef600000, 0x0000000100000000)
  eden space 67584K, 0% used [0x00000000eab00000,0x00000000eab00000,0x00000000eed00000)
  from space 4608K, 5% used [0x00000000ef180000,0x00000000ef1c0000,0x00000000ef600000)
  to   space 4608K, 0% used [0x00000000eed00000,0x00000000eed00000,0x00000000ef180000)
 ParOldGen       total 11776K, used 8391K [0x00000000c0000000, 0x00000000c0b80000, 0x00000000eab00000)
  object space 11776K, 71% used [0x00000000c0000000,0x00000000c0831e40,0x00000000c0b80000)
 Metaspace       used 21218K, capacity 21714K, committed 22016K, reserved 1069056K
  class space    used 2853K, capacity 3016K, committed 3072K, reserved 1048576K
}
Event: 6.268 GC heap before
{Heap before GC invocations=20 (full 1):
 PSYoungGen      total 72192K, used 67840K [0x00000000eab00000, 0x00000000ef600000, 0x0000000100000000)
  eden space 67584K, 100% used [0x00000000eab00000,0x00000000eed00000,0x00000000eed00000)
  from space 4608K, 5% used [0x00000000ef180000,0x00000000ef1c0000,0x00000000ef600000)
  to   space 4608K, 0% used [0x00000000eed00000,0x00000000eed00000,0x00000000ef180000)
 ParOldGen       total 11776K, used 8391K [0x00000000c0000000, 0x00000000c0b80000, 0x00000000eab00000)
  object space 11776K, 71% used [0x00000000c0000000,0x00000000c0831e40,0x00000000c0b80000)
 Metaspace       used 21244K, capacity 21778K, committed 22016K, reserved 1069056K
  class space    used 2855K, capacity 3016K, committed 3072K, reserved 1048576K
Event: 6.271 GC heap after
Heap after GC invocations=20 (full 1):
 PSYoungGen      total 72192K, used 528K [0x00000000eab00000, 0x00000000f0c80000, 0x0000000100000000)
  eden space 67584K, 0% used [0x00000000eab00000,0x00000000eab00000,0x00000000eed00000)
  from space 4608K, 11% used [0x00000000eed00000,0x00000000eed84010,0x00000000ef180000)
  to   space 4096K, 0% used [0x00000000f0880000,0x00000000f0880000,0x00000000f0c80000)
 ParOldGen       total 11776K, used 8607K [0x00000000c0000000, 0x00000000c0b80000, 0x00000000eab00000)
  object space 11776K, 73% used [0x00000000c0000000,0x00000000c0867e40,0x00000000c0b80000)
 Metaspace       used 21244K, capacity 21778K, committed 22016K, reserved 1069056K
  class space    used 2855K, capacity 3016K, committed 3072K, reserved 1048576K
}
Event: 6.685 GC heap before
{Heap before GC invocations=21 (full 1):
 PSYoungGen      total 72192K, used 68112K [0x00000000eab00000, 0x00000000f0c80000, 0x0000000100000000)
  eden space 67584K, 100% used [0x00000000eab00000,0x00000000eed00000,0x00000000eed00000)
  from space 4608K, 11% used [0x00000000eed00000,0x00000000eed84010,0x00000000ef180000)
  to   space 4096K, 0% used [0x00000000f0880000,0x00000000f0880000,0x00000000f0c80000)
 ParOldGen       total 11776K, used 8607K [0x00000000c0000000, 0x00000000c0b80000, 0x00000000eab00000)
  object space 11776K, 73% used [0x00000000c0000000,0x00000000c0867e40,0x00000000c0b80000)
 Metaspace       used 21244K, capacity 21778K, committed 22016K, reserved 1069056K
  class space    used 2855K, capacity 3016K, committed 3072K, reserved 1048576K
Event: 6.687 GC heap after
Heap after GC invocations=21 (full 1):
 PSYoungGen      total 93696K, used 288K [0x00000000eab00000, 0x00000000f0b80000, 0x0000000100000000)
  eden space 90624K, 0% used [0x00000000eab00000,0x00000000eab00000,0x00000000f0380000)
  from space 3072K, 9% used [0x00000000f0880000,0x00000000f08c8000,0x00000000f0b80000)
  to   space 4096K, 0% used [0x00000000f0380000,0x00000000f0380000,0x00000000f0780000)
 ParOldGen       total 11776K, used 9099K [0x00000000c0000000, 0x00000000c0b80000, 0x00000000eab00000)
  object space 11776K, 77% used [0x00000000c0000000,0x00000000c08e2e60,0x00000000c0b80000)
 Metaspace       used 21244K, capacity 21778K, committed 22016K, reserved 1069056K
  class space    used 2855K, capacity 3016K, committed 3072K, reserved 1048576K
}

