# JRE version: Java(TM) SE Runtime Environment (8.0-b132) (build 1.8.0-b132)
# Java VM: Java HotSpot(TM) 64-Bit Server VM (25.0-b70 mixed mode windows-amd64 compressed oops)
Heap:
 PSYoungGen      total 253440K, used 50311K [0x00000000eab00000, 0x00000000ff680000, 0x0000000100000000)
  eden space 248320K, 20% used [0x00000000eab00000,0x00000000edc21cd0,0x00000000f9d80000)
  from space 5120K, 0% used [0x00000000f9d80000,0x00000000f9d80000,0x00000000fa280000)
  to   space 45568K, 0% used [0x00000000fca00000,0x00000000fca00000,0x00000000ff680000)
 ParOldGen       total 91648K, used 67933K [0x00000000c0000000, 0x00000000c5980000, 0x00000000eab00000)
  object space 91648K, 74% used [0x00000000c0000000,0x00000000c4257748,0x00000000c5980000)
 Metaspace       used 65613K, capacity 75654K, committed 75776K, reserved 1114112K
  class space    used 8878K, capacity 11742K, committed 11776K, reserved 1048576K
GC Heap History (10 events):
Event: 25368.960 GC heap before
{Heap before GC invocations=174 (full 49):
 PSYoungGen      total 284672K, used 241664K [0x00000000eab00000, 0x00000000fef00000, 0x0000000100000000)
  eden space 241664K, 100% used [0x00000000eab00000,0x00000000f9700000,0x00000000f9700000)
  from space 43008K, 0% used [0x00000000fc500000,0x00000000fc500000,0x00000000fef00000)
  to   space 45056K, 0% used [0x00000000f9700000,0x00000000f9700000,0x00000000fc300000)
 ParOldGen       total 91648K, used 67401K [0x00000000c0000000, 0x00000000c5980000, 0x00000000eab00000)
  object space 91648K, 73% used [0x00000000c0000000,0x00000000c41d25e0,0x00000000c5980000)
 Metaspace       used 65524K, capacity 75426K, committed 75776K, reserved 1114112K
  class space    used 8862K, capacity 11674K, committed 11776K, reserved 1048576K
Event: 25370.609 GC heap after
Heap after GC invocations=174 (full 49):
 PSYoungGen      total 286720K, used 30920K [0x00000000eab00000, 0x00000000ffb80000, 0x0000000100000000)
  eden space 241664K, 0% used [0x00000000eab00000,0x00000000eab00000,0x00000000f9700000)
  from space 45056K, 68% used [0x00000000f9700000,0x00000000fb5322e0,0x00000000fc300000)
  to   space 48128K, 0% used [0x00000000fcc80000,0x00000000fcc80000,0x00000000ffb80000)
 ParOldGen       total 91648K, used 67401K [0x00000000c0000000, 0x00000000c5980000, 0x00000000eab00000)
  object space 91648K, 73% used [0x00000000c0000000,0x00000000c41d25e0,0x00000000c5980000)
 Metaspace       used 65524K, capacity 75426K, committed 75776K, reserved 1114112K
  class space    used 8862K, capacity 11674K, committed 11776K, reserved 1048576K
}
Event: 25386.720 GC heap before
{Heap before GC invocations=175 (full 49):
 PSYoungGen      total 286720K, used 136969K [0x00000000eab00000, 0x00000000ffb80000, 0x0000000100000000)
  eden space 241664K, 43% used [0x00000000eab00000,0x00000000f1290430,0x00000000f9700000)
  from space 45056K, 68% used [0x00000000f9700000,0x00000000fb5322e0,0x00000000fc300000)
  to   space 48128K, 0% used [0x00000000fcc80000,0x00000000fcc80000,0x00000000ffb80000)
 ParOldGen       total 91648K, used 67401K [0x00000000c0000000, 0x00000000c5980000, 0x00000000eab00000)
  object space 91648K, 73% used [0x00000000c0000000,0x00000000c41d25e0,0x00000000c5980000)
 Metaspace       used 65525K, capacity 75426K, committed 75776K, reserved 1114112K
  class space    used 8862K, capacity 11674K, committed 11776K, reserved 1048576K
Event: 25386.732 GC heap after
Heap after GC invocations=175 (full 49):
 PSYoungGen      total 294400K, used 4591K [0x00000000eab00000, 0x00000000ff980000, 0x0000000100000000)
  eden space 248320K, 0% used [0x00000000eab00000,0x00000000eab00000,0x00000000f9d80000)
  from space 46080K, 9% used [0x00000000fcc80000,0x00000000fd0fbf60,0x00000000ff980000)
  to   space 47104K, 0% used [0x00000000f9d80000,0x00000000f9d80000,0x00000000fcb80000)
 ParOldGen       total 91648K, used 67401K [0x00000000c0000000, 0x00000000c5980000, 0x00000000eab00000)
  object space 91648K, 73% used [0x00000000c0000000,0x00000000c41d25e0,0x00000000c5980000)
 Metaspace       used 65525K, capacity 75426K, committed 75776K, reserved 1114112K
  class space    used 8862K, capacity 11674K, committed 11776K, reserved 1048576K
}
Event: 25386.732 GC heap before
{Heap before GC invocations=176 (full 50):
 PSYoungGen      total 294400K, used 4591K [0x00000000eab00000, 0x00000000ff980000, 0x0000000100000000)
  eden space 248320K, 0% used [0x00000000eab00000,0x00000000eab00000,0x00000000f9d80000)
  from space 46080K, 9% used [0x00000000fcc80000,0x00000000fd0fbf60,0x00000000ff980000)
  to   space 47104K, 0% used [0x00000000f9d80000,0x00000000f9d80000,0x00000000fcb80000)
 ParOldGen       total 91648K, used 67401K [0x00000000c0000000, 0x00000000c5980000, 0x00000000eab00000)
  object space 91648K, 73% used [0x00000000c0000000,0x00000000c41d25e0,0x00000000c5980000)
 Metaspace       used 65525K, capacity 75426K, committed 75776K, reserved 1114112K
  class space    used 8862K, capacity 11674K, committed 11776K, reserved 1048576K
Event: 25387.379 GC heap after
Heap after GC invocations=176 (full 50):
 PSYoungGen      total 294400K, used 0K [0x00000000eab00000, 0x00000000ff980000, 0x0000000100000000)
  eden space 248320K, 0% used [0x00000000eab00000,0x00000000eab00000,0x00000000f9d80000)
  from space 46080K, 0% used [0x00000000fcc80000,0x00000000fcc80000,0x00000000ff980000)
  to   space 47104K, 0% used [0x00000000f9d80000,0x00000000f9d80000,0x00000000fcb80000)
 ParOldGen       total 91648K, used 67227K [0x00000000c0000000, 0x00000000c5980000, 0x00000000eab00000)
  object space 91648K, 73% used [0x00000000c0000000,0x00000000c41a6d18,0x00000000c5980000)
 Metaspace       used 65525K, capacity 75426K, committed 75776K, reserved 1114112K
  class space    used 8862K, capacity 11674K, committed 11776K, reserved 1048576K
}
Event: 25525.350 GC heap before
{Heap before GC invocations=177 (full 50):
 PSYoungGen      total 294400K, used 135974K [0x00000000eab00000, 0x00000000ff980000, 0x0000000100000000)
  eden space 248320K, 54% used [0x00000000eab00000,0x00000000f2fc9bd8,0x00000000f9d80000)
  from space 46080K, 0% used [0x00000000fcc80000,0x00000000fcc80000,0x00000000ff980000)
  to   space 47104K, 0% used [0x00000000f9d80000,0x00000000f9d80000,0x00000000fcb80000)
 ParOldGen       total 91648K, used 67227K [0x00000000c0000000, 0x00000000c5980000, 0x00000000eab00000)
  object space 91648K, 73% used [0x00000000c0000000,0x00000000c41a6d18,0x00000000c5980000)
 Metaspace       used 65574K, capacity 75540K, committed 75776K, reserved 1114112K
  class space    used 8870K, capacity 11708K, committed 11776K, reserved 1048576K
Event: 25525.362 GC heap after
Heap after GC invocations=177 (full 50):
 PSYoungGen      total 253440K, used 4911K [0x00000000eab00000, 0x00000000ff680000, 0x0000000100000000)
  eden space 248320K, 0% used [0x00000000eab00000,0x00000000eab00000,0x00000000f9d80000)
  from space 5120K, 95% used [0x00000000f9d80000,0x00000000fa24bf40,0x00000000fa280000)
  to   space 45568K, 0% used [0x00000000fca00000,0x00000000fca00000,0x00000000ff680000)
 ParOldGen       total 91648K, used 67227K [0x00000000c0000000, 0x00000000c5980000, 0x00000000eab00000)
  object space 91648K, 73% used [0x00000000c0000000,0x00000000c41a6d18,0x00000000c5980000)
 Metaspace       used 65574K, capacity 75540K, committed 75776K, reserved 1114112K
  class space    used 8870K, capacity 11708K, committed 11776K, reserved 1048576K
}
Event: 25525.362 GC heap before
{Heap before GC invocations=178 (full 51):
 PSYoungGen      total 253440K, used 4911K [0x00000000eab00000, 0x00000000ff680000, 0x0000000100000000)
  eden space 248320K, 0% used [0x00000000eab00000,0x00000000eab00000,0x00000000f9d80000)
  from space 5120K, 95% used [0x00000000f9d80000,0x00000000fa24bf40,0x00000000fa280000)
  to   space 45568K, 0% used [0x00000000fca00000,0x00000000fca00000,0x00000000ff680000)
 ParOldGen       total 91648K, used 67227K [0x00000000c0000000, 0x00000000c5980000, 0x00000000eab00000)
  object space 91648K, 73% used [0x00000000c0000000,0x00000000c41a6d18,0x00000000c5980000)
 Metaspace       used 65574K, capacity 75540K, committed 75776K, reserved 1114112K
  class space    used 8870K, capacity 11708K, committed 11776K, reserved 1048576K
Event: 25525.780 GC heap after
Heap after GC invocations=178 (full 51):
 PSYoungGen      total 253440K, used 0K [0x00000000eab00000, 0x00000000ff680000, 0x0000000100000000)
  eden space 248320K, 0% used [0x00000000eab00000,0x00000000eab00000,0x00000000f9d80000)
  from space 5120K, 0% used [0x00000000f9d80000,0x00000000f9d80000,0x00000000fa280000)
  to   space 45568K, 0% used [0x00000000fca00000,0x00000000fca00000,0x00000000ff680000)
 ParOldGen       total 91648K, used 67933K [0x00000000c0000000, 0x00000000c5980000, 0x00000000eab00000)
  object space 91648K, 74% used [0x00000000c0000000,0x00000000c4257748,0x00000000c5980000)
 Metaspace       used 65574K, capacity 75540K, committed 75776K, reserved 1114112K
  class space    used 8870K, capacity 11708K, committed 11776K, reserved 1048576K
}

